<?xml version="1.0" encoding="UTF-8"?>
<!-- Generated by org.testng.reporters.JUnitReportReporter -->
<testsuite hostname="Santoshs-MacBook-Air.local" failures="0" tests="1" name="demoDesignPattern.AmazonHomePagePageFactorTest" time="5.181" errors="0" timestamp="2023-08-02T21:22:55 CDT" skipped="0">
  <testcase classname="demoDesignPattern.AmazonHomePagePageFactorTest" name="searchProduct" time="5.181"/>
</testsuite> <!-- demoDesignPattern.AmazonHomePagePageFactorTest -->
