<?xml version="1.0" encoding="UTF-8"?>
<!-- Generated by org.testng.reporters.JUnitReportReporter -->
<testsuite hostname="Santoshs-Air.lan" failures="0" tests="1" name="Test.TestExcel" time="1.093" errors="0" timestamp="2023-08-12T12:04:40 CDT" skipped="0">
  <testcase classname="Test.TestExcel" name="verifyTestExcel" time="1.093"/>
</testsuite> <!-- Test.TestExcel -->
