<?xml version="1.0" encoding="UTF-8"?>
<!-- Generated by org.testng.reporters.JUnitReportReporter -->
<testsuite hostname="Santoshs-Air.lan" failures="0" tests="2" name="in.co.mercuryTravel.tests.MercuryTravelTestCases" time="14.182" errors="0" timestamp="2023-08-12T16:01:15 CDT" skipped="1">
  <testcase classname="in.co.mercuryTravel.tests.MercuryTravelTestCases" name="verifyUserLoginWithCorrectCredentials" time="14.182"/>
  <testcase classname="in.co.mercuryTravel.tests.MercuryTravelTestCases" name="verifyUserLoginWithCorrectCredentials">
    <skipped/>
  </testcase> <!-- verifyUserLoginWithCorrectCredentials -->
</testsuite> <!-- in.co.mercuryTravel.tests.MercuryTravelTestCases -->
