<?xml version="1.0" encoding="UTF-8"?>
<!-- Generated by org.testng.reporters.JUnitReportReporter -->
<testsuite hostname="Santoshs-MacBook-Air.local" failures="0" tests="1" name="demoDesignPattern.AmazonHomePagePOMTest" time="4.000" errors="0" timestamp="2023-08-01T20:42:02 CDT" skipped="0">
  <testcase classname="demoDesignPattern.AmazonHomePagePOMTest" name="searchProduct" time="4.000"/>
</testsuite> <!-- demoDesignPattern.AmazonHomePagePOMTest -->
